<?xml version="1.0" encoding="UTF-8"?>
<!-- Generated by org.testng.reporters.JUnitReportReporter -->
<testsuite hostname="Gopichand" failures="0" tests="2" name="LearningTestAutomation.Tests.errorValidation" time="25.462" errors="0" timestamp="2023-06-22T22:47:44 IST" skipped="0">
  <testcase classname="LearningTestAutomation.Tests.errorValidation" name="productError" time="19.897"/>
  <system-out/>
  <testcase classname="LearningTestAutomation.Tests.errorValidation" name="submitingOrder" time="5.565"/>
  <system-out/>
</testsuite> <!-- LearningTestAutomation.Tests.errorValidation -->
