<?xml version="1.0" encoding="UTF-8"?>
<!-- Generated by org.testng.reporters.JUnitReportReporter -->
<testsuite hostname="Gopichand" failures="0" tests="1" name="LearningTestAutomation.Tests.submitOrder" time="32.114" errors="0" timestamp="2023-06-24T12:38:28 IST" skipped="0">
  <testcase classname="LearningTestAutomation.Tests.submitOrder" name="submitingOrder" time="32.114"/>
  <system-out/>
</testsuite> <!-- LearningTestAutomation.Tests.submitOrder -->
